<?xml version="1.0" encoding="UTF-8"?>
<!-- Generated by org.testng.reporters.JUnitXMLReporter -->
<testsuite ignored="0" hostname="DESKTOP-FOU5PNM" failures="0" tests="7" name="Test" time="100.844" errors="0" timestamp="2025-11-23T14:34:45 IST">
  <testcase classname="testcases.Tc002_LoginTestCase" name="login" time="12.065"/>
  <testcase classname="testcases.TC01_EndtoEndTest" name="submitorder" time="18.838"/>
  <testcase classname="testcases.TC_003_LoginDDT" name="verifyLoginData" time="4.164"/>
  <testcase classname="testcases.TC_003_LoginDDT" name="verifyLoginData" time="13.864"/>
  <testcase classname="testcases.TC_003_LoginDDT" name="verifyLoginData" time="13.615"/>
  <testcase classname="testcases.TC_003_LoginDDT" name="verifyLoginData" time="13.667"/>
  <testcase classname="testcases.TC_003_LoginDDT" name="verifyLoginData" time="4.317"/>
</testsuite> <!-- Test -->
