<?xml version="1.0" encoding="UTF-8"?>
<!-- Generated by org.testng.reporters.JUnitXMLReporter -->
<testsuite ignored="0" hostname="DESKTOP-FOU5PNM" failures="0" tests="3" name="Test(failed)" time="56.412" errors="0" timestamp="2025-11-13T00:41:16 IST">
  <testcase classname="testcases.TC_003_LoginDDT" name="verifyLoginData" time="13.875"/>
  <testcase classname="testcases.TC_003_LoginDDT" name="verifyLoginData" time="13.642"/>
  <testcase classname="testcases.TC_003_LoginDDT" name="verifyLoginData" time="13.555"/>
</testsuite> <!-- Test(failed) -->
