<?xml version="1.0" encoding="UTF-8"?>
<testng-results ignored="0" total="7" passed="7" failed="0" skipped="0">
  <reporter-output>
  </reporter-output>
  <suite started-at="2025-11-23T14:33:02 IST" name="Suite" finished-at="2025-11-23T14:34:43 IST" duration-ms="100844">
    <groups>
      <group name="Master">
        <method signature="TC01_EndtoEndTest.submitorder()[pri:0, instance:testcases.TC01_EndtoEndTest@152aa092]" name="submitorder" class="testcases.TC01_EndtoEndTest"/>
        <method signature="Tc002_LoginTestCase.login()[pri:0, instance:testcases.Tc002_LoginTestCase@6f27a732]" name="login" class="testcases.Tc002_LoginTestCase"/>
      </group> <!-- Master -->
      <group name="Sanity">
        <method signature="TC_003_LoginDDT.verifyLoginData(java.lang.String,java.lang.String,java.lang.String)[pri:0, instance:testcases.TC_003_LoginDDT@44a7bfbc]" name="verifyLoginData" class="testcases.TC_003_LoginDDT"/>
        <method signature="Tc002_LoginTestCase.login()[pri:0, instance:testcases.Tc002_LoginTestCase@6f27a732]" name="login" class="testcases.Tc002_LoginTestCase"/>
      </group> <!-- Sanity -->
      <group name="Regression">
        <method signature="TC01_EndtoEndTest.submitorder()[pri:0, instance:testcases.TC01_EndtoEndTest@152aa092]" name="submitorder" class="testcases.TC01_EndtoEndTest"/>
      </group> <!-- Regression -->
    </groups>
    <test started-at="2025-11-23T14:33:02 IST" name="Test" finished-at="2025-11-23T14:34:43 IST" duration-ms="100844">
      <class name="testcases.Tc002_LoginTestCase">
        <test-method is-config="true" signature="setUp(java.lang.String,java.lang.String)[pri:0, instance:testcases.Tc002_LoginTestCase@6f27a732]" started-at="2025-11-23T14:33:02 IST" name="setUp" finished-at="2025-11-23T14:33:07 IST" duration-ms="4776" status="PASS">
          <params>
            <param index="0">
              <value>
                <![CDATA[Windows]]>
              </value>
            </param>
            <param index="1">
              <value>
                <![CDATA[chrome]]>
              </value>
            </param>
          </params>
          <reporter-output>
          </reporter-output>
        </test-method> <!-- setUp -->
        <test-method signature="login()[pri:0, instance:testcases.Tc002_LoginTestCase@6f27a732]" started-at="2025-11-23T14:33:07 IST" name="login" finished-at="2025-11-23T14:33:19 IST" duration-ms="12065" status="PASS">
          <reporter-output>
          </reporter-output>
        </test-method> <!-- login -->
        <test-method is-config="true" signature="tearDown()[pri:0, instance:testcases.Tc002_LoginTestCase@6f27a732]" started-at="2025-11-23T14:33:19 IST" name="tearDown" finished-at="2025-11-23T14:33:20 IST" duration-ms="278" status="PASS">
          <reporter-output>
          </reporter-output>
        </test-method> <!-- tearDown -->
      </class> <!-- testcases.Tc002_LoginTestCase -->
      <class name="testcases.TC_003_LoginDDT">
        <test-method is-config="true" signature="setUp(java.lang.String,java.lang.String)[pri:0, instance:testcases.TC_003_LoginDDT@44a7bfbc]" started-at="2025-11-23T14:33:43 IST" name="setUp" finished-at="2025-11-23T14:33:50 IST" duration-ms="6881" status="PASS">
          <params>
            <param index="0">
              <value>
                <![CDATA[Windows]]>
              </value>
            </param>
            <param index="1">
              <value>
                <![CDATA[chrome]]>
              </value>
            </param>
          </params>
          <reporter-output>
          </reporter-output>
        </test-method> <!-- setUp -->
        <test-method signature="verifyLoginData(java.lang.String,java.lang.String,java.lang.String)[pri:0, instance:testcases.TC_003_LoginDDT@44a7bfbc]" started-at="2025-11-23T14:33:53 IST" name="verifyLoginData" data-provider="LoginData" finished-at="2025-11-23T14:33:57 IST" duration-ms="4164" status="PASS">
          <params>
            <param index="0">
              <value>
                <![CDATA[mhh@gmail.com]]>
              </value>
            </param>
            <param index="1">
              <value>
                <![CDATA[Mhhugar@1234]]>
              </value>
            </param>
            <param index="2">
              <value>
                <![CDATA[Valid]]>
              </value>
            </param>
          </params>
          <reporter-output>
          </reporter-output>
        </test-method> <!-- verifyLoginData -->
        <test-method signature="verifyLoginData(java.lang.String,java.lang.String,java.lang.String)[pri:0, instance:testcases.TC_003_LoginDDT@44a7bfbc]" started-at="2025-11-23T14:33:57 IST" name="verifyLoginData" data-provider="LoginData" finished-at="2025-11-23T14:34:11 IST" duration-ms="13864" status="PASS">
          <params>
            <param index="0">
              <value>
                <![CDATA[abcd@yahoo.com]]>
              </value>
            </param>
            <param index="1">
              <value>
                <![CDATA[uivgb]]>
              </value>
            </param>
            <param index="2">
              <value>
                <![CDATA[Invalid]]>
              </value>
            </param>
          </params>
          <reporter-output>
          </reporter-output>
        </test-method> <!-- verifyLoginData -->
        <test-method signature="verifyLoginData(java.lang.String,java.lang.String,java.lang.String)[pri:0, instance:testcases.TC_003_LoginDDT@44a7bfbc]" started-at="2025-11-23T14:34:11 IST" name="verifyLoginData" data-provider="LoginData" finished-at="2025-11-23T14:34:25 IST" duration-ms="13615" status="PASS">
          <params>
            <param index="0">
              <value>
                <![CDATA[mhh@]]>
              </value>
            </param>
            <param index="1">
              <value>
                <![CDATA[Mh]]>
              </value>
            </param>
            <param index="2">
              <value>
                <![CDATA[Invalid]]>
              </value>
            </param>
          </params>
          <reporter-output>
          </reporter-output>
        </test-method> <!-- verifyLoginData -->
        <test-method signature="verifyLoginData(java.lang.String,java.lang.String,java.lang.String)[pri:0, instance:testcases.TC_003_LoginDDT@44a7bfbc]" started-at="2025-11-23T14:34:25 IST" name="verifyLoginData" data-provider="LoginData" finished-at="2025-11-23T14:34:38 IST" duration-ms="13667" status="PASS">
          <params>
            <param index="0">
              <value>
                <![CDATA[hello@yahoo.com]]>
              </value>
            </param>
            <param index="1">
              <value>
                <![CDATA[xyz]]>
              </value>
            </param>
            <param index="2">
              <value>
                <![CDATA[Invalid]]>
              </value>
            </param>
          </params>
          <reporter-output>
          </reporter-output>
        </test-method> <!-- verifyLoginData -->
        <test-method signature="verifyLoginData(java.lang.String,java.lang.String,java.lang.String)[pri:0, instance:testcases.TC_003_LoginDDT@44a7bfbc]" started-at="2025-11-23T14:34:38 IST" name="verifyLoginData" data-provider="LoginData" finished-at="2025-11-23T14:34:43 IST" duration-ms="4317" status="PASS">
          <params>
            <param index="0">
              <value>
                <![CDATA[mahadevhugar0328@gmail.com]]>
              </value>
            </param>
            <param index="1">
              <value>
                <![CDATA[Gangu@1234]]>
              </value>
            </param>
            <param index="2">
              <value>
                <![CDATA[Valid]]>
              </value>
            </param>
          </params>
          <reporter-output>
          </reporter-output>
        </test-method> <!-- verifyLoginData -->
        <test-method is-config="true" signature="tearDown()[pri:0, instance:testcases.TC_003_LoginDDT@44a7bfbc]" started-at="2025-11-23T14:34:43 IST" name="tearDown" finished-at="2025-11-23T14:34:43 IST" duration-ms="248" status="PASS">
          <reporter-output>
          </reporter-output>
        </test-method> <!-- tearDown -->
      </class> <!-- testcases.TC_003_LoginDDT -->
      <class name="testcases.TC01_EndtoEndTest">
        <test-method is-config="true" signature="setUp(java.lang.String,java.lang.String)[pri:0, instance:testcases.TC01_EndtoEndTest@152aa092]" started-at="2025-11-23T14:33:20 IST" name="setUp" finished-at="2025-11-23T14:33:24 IST" duration-ms="4634" status="PASS">
          <params>
            <param index="0">
              <value>
                <![CDATA[Windows]]>
              </value>
            </param>
            <param index="1">
              <value>
                <![CDATA[chrome]]>
              </value>
            </param>
          </params>
          <reporter-output>
          </reporter-output>
        </test-method> <!-- setUp -->
        <test-method signature="submitorder()[pri:0, instance:testcases.TC01_EndtoEndTest@152aa092]" started-at="2025-11-23T14:33:24 IST" name="submitorder" finished-at="2025-11-23T14:33:43 IST" duration-ms="18838" status="PASS">
          <reporter-output>
          </reporter-output>
        </test-method> <!-- submitorder -->
        <test-method is-config="true" signature="tearDown()[pri:0, instance:testcases.TC01_EndtoEndTest@152aa092]" started-at="2025-11-23T14:33:43 IST" name="tearDown" finished-at="2025-11-23T14:33:43 IST" duration-ms="309" status="PASS">
          <reporter-output>
          </reporter-output>
        </test-method> <!-- tearDown -->
      </class> <!-- testcases.TC01_EndtoEndTest -->
    </test> <!-- Test -->
  </suite> <!-- Suite -->
</testng-results>
