<?xml version="1.0" encoding="UTF-8"?>
<!-- Generated by org.testng.reporters.JUnitReportReporter -->
<testsuite hostname="DESKTOP-FOU5PNM" failures="0" tests="5" name="testcases.TC_003_LoginDDT" time="49.627" errors="0" timestamp="2025-11-23T14:34:45 IST" skipped="0">
  <testcase classname="testcases.TC_003_LoginDDT" name="verifyLoginData" time="13.667"/>
  <testcase classname="testcases.TC_003_LoginDDT" name="verifyLoginData" time="13.864"/>
  <testcase classname="testcases.TC_003_LoginDDT" name="verifyLoginData" time="4.317"/>
  <testcase classname="testcases.TC_003_LoginDDT" name="verifyLoginData" time="4.164"/>
  <testcase classname="testcases.TC_003_LoginDDT" name="verifyLoginData" time="13.615"/>
</testsuite> <!-- testcases.TC_003_LoginDDT -->
